<?xml version="1.0" encoding="UTF-8"?>
<!-- Generated by org.testng.reporters.JUnitReportReporter -->
<testsuite skipped="0" hostname="slt01-PC" name="com.hsl.cn.testcase.TestUserDetailCase2" tests="5" failures="0" timestamp="16 四月 2019 02:03:16 GMT" time="0.011" errors="0">
  <testcase name="TestUserList2" time="0.002" classname="com.hsl.cn.testcase.TestUserDetailCase2"/>
  <testcase name="TestUserList3" time="0.002" classname="com.hsl.cn.testcase.TestUserDetailCase2"/>
  <testcase name="TestUserList4" time="0.003" classname="com.hsl.cn.testcase.TestUserDetailCase2"/>
  <testcase name="TestUserList2" time="0.002" classname="com.hsl.cn.testcase.TestUserDetailCase2"/>
  <testcase name="TestUserList2" time="0.002" classname="com.hsl.cn.testcase.TestUserDetailCase2"/>
</testsuite> <!-- com.hsl.cn.testcase.TestUserDetailCase2 -->
