<?xml version="1.0" encoding="UTF-8"?>
<testsuite xmlns:xsi="http://www.w3.org/2001/XMLSchema-instance" xsi:noNamespaceSchemaLocation="https://maven.apache.org/surefire/maven-surefire-plugin/xsd/surefire-test-report.xsd" name="TestSuite" time="7.912" tests="5" errors="0" skipped="0" failures="0">
  <properties>
    <property name="sun.desktop" value="windows"/>
    <property name="awt.toolkit" value="sun.awt.windows.WToolkit"/>
    <property name="file.encoding.pkg" value="sun.io"/>
    <property name="java.specification.version" value="1.8"/>
    <property name="sun.cpu.isalist" value="amd64"/>
    <property name="sun.jnu.encoding" value="GBK"/>
    <property name="java.class.path" value="D:\autotest\interfaceauto\target\test-classes;D:\autotest\interfaceauto\target\classes;E:\mave\repository\org\apache\httpcomponents\httpclient\4.5.7\httpclient-4.5.7.jar;E:\mave\repository\org\apache\httpcomponents\httpcore\4.4.10\httpcore-4.4.10.jar;E:\mave\repository\commons-codec\commons-codec\1.11\commons-codec-1.11.jar;E:\mave\repository\com\google\code\gson\gson\2.8.5\gson-2.8.5.jar;E:\mave\repository\org\springframework\boot\spring-boot-starter-data-jpa\2.0.4.RELEASE\spring-boot-starter-data-jpa-2.0.4.RELEASE.jar;E:\mave\repository\org\springframework\boot\spring-boot-starter\2.0.4.RELEASE\spring-boot-starter-2.0.4.RELEASE.jar;E:\mave\repository\org\springframework\boot\spring-boot-autoconfigure\2.0.4.RELEASE\spring-boot-autoconfigure-2.0.4.RELEASE.jar;E:\mave\repository\org\springframework\boot\spring-boot-starter-logging\2.0.4.RELEASE\spring-boot-starter-logging-2.0.4.RELEASE.jar;E:\mave\repository\ch\qos\logback\logback-classic\1.2.3\logback-classic-1.2.3.jar;E:\mave\repository\ch\qos\logback\logback-core\1.2.3\logback-core-1.2.3.jar;E:\mave\repository\org\apache\logging\log4j\log4j-to-slf4j\2.10.0\log4j-to-slf4j-2.10.0.jar;E:\mave\repository\org\apache\logging\log4j\log4j-api\2.10.0\log4j-api-2.10.0.jar;E:\mave\repository\org\slf4j\jul-to-slf4j\1.7.25\jul-to-slf4j-1.7.25.jar;E:\mave\repository\javax\annotation\javax.annotation-api\1.3.2\javax.annotation-api-1.3.2.jar;E:\mave\repository\org\yaml\snakeyaml\1.19\snakeyaml-1.19.jar;E:\mave\repository\org\springframework\boot\spring-boot-starter-aop\2.0.4.RELEASE\spring-boot-starter-aop-2.0.4.RELEASE.jar;E:\mave\repository\org\springframework\spring-aop\5.0.8.RELEASE\spring-aop-5.0.8.RELEASE.jar;E:\mave\repository\org\aspectj\aspectjweaver\1.8.13\aspectjweaver-1.8.13.jar;E:\mave\repository\org\springframework\boot\spring-boot-starter-jdbc\2.0.4.RELEASE\spring-boot-starter-jdbc-2.0.4.RELEASE.jar;E:\mave\repository\com\zaxxer\HikariCP\2.7.9\HikariCP-2.7.9.jar;E:\mave\repository\org\springframework\spring-jdbc\5.0.8.RELEASE\spring-jdbc-5.0.8.RELEASE.jar;E:\mave\repository\org\hibernate\hibernate-core\5.2.17.Final\hibernate-core-5.2.17.Final.jar;E:\mave\repository\org\jboss\logging\jboss-logging\3.3.2.Final\jboss-logging-3.3.2.Final.jar;E:\mave\repository\org\hibernate\javax\persistence\hibernate-jpa-2.1-api\1.0.2.Final\hibernate-jpa-2.1-api-1.0.2.Final.jar;E:\mave\repository\org\javassist\javassist\3.22.0-GA\javassist-3.22.0-GA.jar;E:\mave\repository\antlr\antlr\2.7.7\antlr-2.7.7.jar;E:\mave\repository\org\jboss\jandex\2.0.3.Final\jandex-2.0.3.Final.jar;E:\mave\repository\com\fasterxml\classmate\1.3.4\classmate-1.3.4.jar;E:\mave\repository\dom4j\dom4j\1.6.1\dom4j-1.6.1.jar;E:\mave\repository\org\hibernate\common\hibernate-commons-annotations\5.0.1.Final\hibernate-commons-annotations-5.0.1.Final.jar;E:\mave\repository\javax\transaction\javax.transaction-api\1.2\javax.transaction-api-1.2.jar;E:\mave\repository\org\springframework\data\spring-data-jpa\2.0.9.RELEASE\spring-data-jpa-2.0.9.RELEASE.jar;E:\mave\repository\org\springframework\data\spring-data-commons\2.0.9.RELEASE\spring-data-commons-2.0.9.RELEASE.jar;E:\mave\repository\org\springframework\spring-orm\5.0.8.RELEASE\spring-orm-5.0.8.RELEASE.jar;E:\mave\repository\org\springframework\spring-context\5.0.8.RELEASE\spring-context-5.0.8.RELEASE.jar;E:\mave\repository\org\springframework\spring-expression\5.0.8.RELEASE\spring-expression-5.0.8.RELEASE.jar;E:\mave\repository\org\springframework\spring-tx\5.0.8.RELEASE\spring-tx-5.0.8.RELEASE.jar;E:\mave\repository\org\springframework\spring-beans\5.0.8.RELEASE\spring-beans-5.0.8.RELEASE.jar;E:\mave\repository\org\slf4j\slf4j-api\1.7.25\slf4j-api-1.7.25.jar;E:\mave\repository\org\springframework\spring-aspects\5.0.8.RELEASE\spring-aspects-5.0.8.RELEASE.jar;E:\mave\repository\mysql\mysql-connector-java\5.1.47\mysql-connector-java-5.1.47.jar;E:\mave\repository\org\projectlombok\lombok\1.18.4\lombok-1.18.4.jar;E:\mave\repository\org\testng\testng\6.14.3\testng-6.14.3.jar;E:\mave\repository\com\beust\jcommander\1.72\jcommander-1.72.jar;E:\mave\repository\org\apache-extras\beanshell\bsh\2.0b6\bsh-2.0b6.jar;E:\mave\repository\org\springframework\boot\spring-boot-test\2.0.4.RELEASE\spring-boot-test-2.0.4.RELEASE.jar;E:\mave\repository\org\springframework\boot\spring-boot\2.0.4.RELEASE\spring-boot-2.0.4.RELEASE.jar;E:\mave\repository\org\springframework\spring-test\5.1.3.RELEASE\spring-test-5.1.3.RELEASE.jar;E:\mave\repository\org\springframework\spring-core\5.0.8.RELEASE\spring-core-5.0.8.RELEASE.jar;E:\mave\repository\org\springframework\spring-jcl\5.0.8.RELEASE\spring-jcl-5.0.8.RELEASE.jar;E:\mave\repository\com\aventstack\extentreports\4.0.9\extentreports-4.0.9.jar;E:\mave\repository\org\freemarker\freemarker\2.3.28\freemarker-2.3.28.jar;E:\mave\repository\org\mongodb\mongodb-driver\3.6.4\mongodb-driver-3.6.4.jar;E:\mave\repository\org\mongodb\mongodb-driver-core\3.6.4\mongodb-driver-core-3.6.4.jar;E:\mave\repository\org\mongodb\bson\3.6.4\bson-3.6.4.jar;E:\mave\repository\org\apache\httpcomponents\httpmime\4.5.6\httpmime-4.5.6.jar;E:\mave\repository\com\vimalselvam\testng-extentsreport\1.3.1\testng-extentsreport-1.3.1.jar;E:\mave\repository\com\google\guava\guava\20.0\guava-20.0.jar;E:\mave\repository\com\relevantcodes\extentreports\2.41.2\extentreports-2.41.2.jar;E:\mave\repository\org\jsoup\jsoup\1.8.3\jsoup-1.8.3.jar;E:\mave\repository\org\xerial\sqlite-jdbc\3.21.0.1\sqlite-jdbc-3.21.0.1.jar;"/>
    <property name="java.vm.vendor" value="Oracle Corporation"/>
    <property name="sun.arch.data.model" value="64"/>
    <property name="user.variant" value=""/>
    <property name="java.vendor.url" value="http://java.oracle.com/"/>
    <property name="user.timezone" value="Asia/Shanghai"/>
    <property name="java.vm.specification.version" value="1.8"/>
    <property name="os.name" value="Windows 7"/>
    <property name="user.country" value="CN"/>
    <property name="sun.java.launcher" value="SUN_STANDARD"/>
    <property name="sun.boot.library.path" value="D:\java\jdk1.8.0_77\jre\bin"/>
    <property name="sun.java.command" value="C:\Users\slt01\AppData\Local\Temp\surefire2639323651978717764\surefirebooter4473217105348517411.jar C:\Users\slt01\AppData\Local\Temp\surefire2639323651978717764 2019-04-16T10-03-07_169-jvmRun1 surefire466406706179049188tmp surefire_07878911248504719532tmp"/>
    <property name="surefire.test.class.path" value="D:\autotest\interfaceauto\target\test-classes;D:\autotest\interfaceauto\target\classes;E:\mave\repository\org\apache\httpcomponents\httpclient\4.5.7\httpclient-4.5.7.jar;E:\mave\repository\org\apache\httpcomponents\httpcore\4.4.10\httpcore-4.4.10.jar;E:\mave\repository\commons-codec\commons-codec\1.11\commons-codec-1.11.jar;E:\mave\repository\com\google\code\gson\gson\2.8.5\gson-2.8.5.jar;E:\mave\repository\org\springframework\boot\spring-boot-starter-data-jpa\2.0.4.RELEASE\spring-boot-starter-data-jpa-2.0.4.RELEASE.jar;E:\mave\repository\org\springframework\boot\spring-boot-starter\2.0.4.RELEASE\spring-boot-starter-2.0.4.RELEASE.jar;E:\mave\repository\org\springframework\boot\spring-boot-autoconfigure\2.0.4.RELEASE\spring-boot-autoconfigure-2.0.4.RELEASE.jar;E:\mave\repository\org\springframework\boot\spring-boot-starter-logging\2.0.4.RELEASE\spring-boot-starter-logging-2.0.4.RELEASE.jar;E:\mave\repository\ch\qos\logback\logback-classic\1.2.3\logback-classic-1.2.3.jar;E:\mave\repository\ch\qos\logback\logback-core\1.2.3\logback-core-1.2.3.jar;E:\mave\repository\org\apache\logging\log4j\log4j-to-slf4j\2.10.0\log4j-to-slf4j-2.10.0.jar;E:\mave\repository\org\apache\logging\log4j\log4j-api\2.10.0\log4j-api-2.10.0.jar;E:\mave\repository\org\slf4j\jul-to-slf4j\1.7.25\jul-to-slf4j-1.7.25.jar;E:\mave\repository\javax\annotation\javax.annotation-api\1.3.2\javax.annotation-api-1.3.2.jar;E:\mave\repository\org\yaml\snakeyaml\1.19\snakeyaml-1.19.jar;E:\mave\repository\org\springframework\boot\spring-boot-starter-aop\2.0.4.RELEASE\spring-boot-starter-aop-2.0.4.RELEASE.jar;E:\mave\repository\org\springframework\spring-aop\5.0.8.RELEASE\spring-aop-5.0.8.RELEASE.jar;E:\mave\repository\org\aspectj\aspectjweaver\1.8.13\aspectjweaver-1.8.13.jar;E:\mave\repository\org\springframework\boot\spring-boot-starter-jdbc\2.0.4.RELEASE\spring-boot-starter-jdbc-2.0.4.RELEASE.jar;E:\mave\repository\com\zaxxer\HikariCP\2.7.9\HikariCP-2.7.9.jar;E:\mave\repository\org\springframework\spring-jdbc\5.0.8.RELEASE\spring-jdbc-5.0.8.RELEASE.jar;E:\mave\repository\org\hibernate\hibernate-core\5.2.17.Final\hibernate-core-5.2.17.Final.jar;E:\mave\repository\org\jboss\logging\jboss-logging\3.3.2.Final\jboss-logging-3.3.2.Final.jar;E:\mave\repository\org\hibernate\javax\persistence\hibernate-jpa-2.1-api\1.0.2.Final\hibernate-jpa-2.1-api-1.0.2.Final.jar;E:\mave\repository\org\javassist\javassist\3.22.0-GA\javassist-3.22.0-GA.jar;E:\mave\repository\antlr\antlr\2.7.7\antlr-2.7.7.jar;E:\mave\repository\org\jboss\jandex\2.0.3.Final\jandex-2.0.3.Final.jar;E:\mave\repository\com\fasterxml\classmate\1.3.4\classmate-1.3.4.jar;E:\mave\repository\dom4j\dom4j\1.6.1\dom4j-1.6.1.jar;E:\mave\repository\org\hibernate\common\hibernate-commons-annotations\5.0.1.Final\hibernate-commons-annotations-5.0.1.Final.jar;E:\mave\repository\javax\transaction\javax.transaction-api\1.2\javax.transaction-api-1.2.jar;E:\mave\repository\org\springframework\data\spring-data-jpa\2.0.9.RELEASE\spring-data-jpa-2.0.9.RELEASE.jar;E:\mave\repository\org\springframework\data\spring-data-commons\2.0.9.RELEASE\spring-data-commons-2.0.9.RELEASE.jar;E:\mave\repository\org\springframework\spring-orm\5.0.8.RELEASE\spring-orm-5.0.8.RELEASE.jar;E:\mave\repository\org\springframework\spring-context\5.0.8.RELEASE\spring-context-5.0.8.RELEASE.jar;E:\mave\repository\org\springframework\spring-expression\5.0.8.RELEASE\spring-expression-5.0.8.RELEASE.jar;E:\mave\repository\org\springframework\spring-tx\5.0.8.RELEASE\spring-tx-5.0.8.RELEASE.jar;E:\mave\repository\org\springframework\spring-beans\5.0.8.RELEASE\spring-beans-5.0.8.RELEASE.jar;E:\mave\repository\org\slf4j\slf4j-api\1.7.25\slf4j-api-1.7.25.jar;E:\mave\repository\org\springframework\spring-aspects\5.0.8.RELEASE\spring-aspects-5.0.8.RELEASE.jar;E:\mave\repository\mysql\mysql-connector-java\5.1.47\mysql-connector-java-5.1.47.jar;E:\mave\repository\org\projectlombok\lombok\1.18.4\lombok-1.18.4.jar;E:\mave\repository\org\testng\testng\6.14.3\testng-6.14.3.jar;E:\mave\repository\com\beust\jcommander\1.72\jcommander-1.72.jar;E:\mave\repository\org\apache-extras\beanshell\bsh\2.0b6\bsh-2.0b6.jar;E:\mave\repository\org\springframework\boot\spring-boot-test\2.0.4.RELEASE\spring-boot-test-2.0.4.RELEASE.jar;E:\mave\repository\org\springframework\boot\spring-boot\2.0.4.RELEASE\spring-boot-2.0.4.RELEASE.jar;E:\mave\repository\org\springframework\spring-test\5.1.3.RELEASE\spring-test-5.1.3.RELEASE.jar;E:\mave\repository\org\springframework\spring-core\5.0.8.RELEASE\spring-core-5.0.8.RELEASE.jar;E:\mave\repository\org\springframework\spring-jcl\5.0.8.RELEASE\spring-jcl-5.0.8.RELEASE.jar;E:\mave\repository\com\aventstack\extentreports\4.0.9\extentreports-4.0.9.jar;E:\mave\repository\org\freemarker\freemarker\2.3.28\freemarker-2.3.28.jar;E:\mave\repository\org\mongodb\mongodb-driver\3.6.4\mongodb-driver-3.6.4.jar;E:\mave\repository\org\mongodb\mongodb-driver-core\3.6.4\mongodb-driver-core-3.6.4.jar;E:\mave\repository\org\mongodb\bson\3.6.4\bson-3.6.4.jar;E:\mave\repository\org\apache\httpcomponents\httpmime\4.5.6\httpmime-4.5.6.jar;E:\mave\repository\com\vimalselvam\testng-extentsreport\1.3.1\testng-extentsreport-1.3.1.jar;E:\mave\repository\com\google\guava\guava\20.0\guava-20.0.jar;E:\mave\repository\com\relevantcodes\extentreports\2.41.2\extentreports-2.41.2.jar;E:\mave\repository\org\jsoup\jsoup\1.8.3\jsoup-1.8.3.jar;E:\mave\repository\org\xerial\sqlite-jdbc\3.21.0.1\sqlite-jdbc-3.21.0.1.jar;"/>
    <property name="sun.cpu.endian" value="little"/>
    <property name="user.home" value="C:\Users\slt01"/>
    <property name="user.language" value="zh"/>
    <property name="java.specification.vendor" value="Oracle Corporation"/>
    <property name="java.home" value="D:\java\jdk1.8.0_77\jre"/>
    <property name="basedir" value="D:\autotest\interfaceauto"/>
    <property name="file.separator" value="\"/>
    <property name="line.separator" value="&#10;"/>
    <property name="java.vm.specification.vendor" value="Oracle Corporation"/>
    <property name="java.specification.name" value="Java Platform API Specification"/>
    <property name="java.awt.graphicsenv" value="sun.awt.Win32GraphicsEnvironment"/>
    <property name="surefire.real.class.path" value="C:\Users\slt01\AppData\Local\Temp\surefire2639323651978717764\surefirebooter4473217105348517411.jar"/>
    <property name="sun.boot.class.path" value="D:\java\jdk1.8.0_77\jre\lib\resources.jar;D:\java\jdk1.8.0_77\jre\lib\rt.jar;D:\java\jdk1.8.0_77\jre\lib\sunrsasign.jar;D:\java\jdk1.8.0_77\jre\lib\jsse.jar;D:\java\jdk1.8.0_77\jre\lib\jce.jar;D:\java\jdk1.8.0_77\jre\lib\charsets.jar;D:\java\jdk1.8.0_77\jre\lib\jfr.jar;D:\java\jdk1.8.0_77\jre\classes"/>
    <property name="user.script" value=""/>
    <property name="sun.management.compiler" value="HotSpot 64-Bit Tiered Compilers"/>
    <property name="java.runtime.version" value="1.8.0_77-b03"/>
    <property name="user.name" value="slt01"/>
    <property name="path.separator" value=";"/>
    <property name="os.version" value="6.1"/>
    <property name="java.endorsed.dirs" value="D:\java\jdk1.8.0_77\jre\lib\endorsed"/>
    <property name="java.runtime.name" value="Java(TM) SE Runtime Environment"/>
    <property name="file.encoding" value="GBK"/>
    <property name="java.vm.name" value="Java HotSpot(TM) 64-Bit Server VM"/>
    <property name="localRepository" value="E:\mave\repository"/>
    <property name="java.vendor.url.bug" value="http://bugreport.sun.com/bugreport/"/>
    <property name="java.io.tmpdir" value="C:\Users\slt01\AppData\Local\Temp\"/>
    <property name="java.version" value="1.8.0_77"/>
    <property name="user.dir" value="D:\autotest\interfaceauto"/>
    <property name="os.arch" value="amd64"/>
    <property name="java.vm.specification.name" value="Java Virtual Machine Specification"/>
    <property name="java.awt.printerjob" value="sun.awt.windows.WPrinterJob"/>
    <property name="sun.os.patch.level" value="Service Pack 1"/>
    <property name="java.library.path" value="D:\java\jdk1.8.0_77\jre\bin;C:\Windows\Sun\Java\bin;C:\Windows\system32;C:\Windows;C:\Program Files (x86)\Intel\iCLS Client\;C:\Program Files\Intel\iCLS Client\;C:\Windows\system32;C:\Windows;C:\Windows\System32\Wbem;C:\Windows\System32\WindowsPowerShell\v1.0\;C:\Program Files\Intel\Intel(R) Management Engine Components\DAL;C:\Program Files (x86)\Intel\Intel(R) Management Engine Components\DAL;C:\Program Files\Intel\Intel(R) Management Engine Components\IPT;C:\Program Files (x86)\Intel\Intel(R) Management Engine Components\IPT;C:\Program Files\Lenovo\Fingerprint Manager Pro\;D:\java\jdk1.8.0_77\bin;D:\java\jdk1.8.0_77\jre\bin;C:\strawberry\c\bin;C:\strawberry\perl\bin;C:\Program Files (x86)\MySQL\MySQL Server 5.5\bin;C:\Program Files\nodejs\;D:\apache-ant-1.10.1\bin;C:\Program Files\TortoiseSVN\bin;C:\Program Files\VanDyke Software\Clients\;D:\apache-maven-3.5.2-bin\apache-maven-3.5.2\bin;D:\VisualSVN Server\bin;D:\jemeter-讲\apache-jmeter-3.1\bin;D:\jemeter-讲\apache-jmeter-3.2\apache-jmeter-3.2\bin;;D:\Program Files\Git\cmd;E:\allure-commandline-2.10.0\allure-2.10.0\bin;C:\Users\slt01\AppData\Local\Programs\Python\Python37-32\Scripts\;C:\Users\slt01\AppData\Local\Programs\Python\Python37-32\;C:\Program Files (x86)\SSH Communications Security\SSH Secure Shell;C:\Users\slt01\AppData\Roaming\npm;C:\Users\slt01\AppData\Local\Programs\Fiddler;."/>
    <property name="java.vm.info" value="mixed mode"/>
    <property name="java.vendor" value="Oracle Corporation"/>
    <property name="java.vm.version" value="25.77-b03"/>
    <property name="java.ext.dirs" value="D:\java\jdk1.8.0_77\jre\lib\ext;C:\Windows\Sun\Java\lib\ext"/>
    <property name="sun.io.unicode.encoding" value="UnicodeLittle"/>
    <property name="java.class.version" value="52.0"/>
  </properties>
  <testcase name="TestUserList2" classname="com.hsl.cn.testcase.TestUserDetailCase2" time="0.003"/>
  <testcase name="TestUserList2" classname="com.hsl.cn.testcase.TestUserDetailCase2" time="0"/>
  <testcase name="TestUserList2" classname="com.hsl.cn.testcase.TestUserDetailCase2" time="0.003"/>
  <testcase name="TestUserList3" classname="com.hsl.cn.testcase.TestUserDetailCase2" time="0.001"/>
  <testcase name="TestUserList4" classname="com.hsl.cn.testcase.TestUserDetailCase2" time="0.001"/>
</testsuite>